<?xml version="1.0" encoding="UTF-8"?>
<testsuite name="com.coreman2200.ringstrings.TestSymbolStrata" tests="2" skipped="0" failures="0" errors="0" timestamp="2015-08-21T20:33:43" hostname="199-241-201-12.PUBLIC.monkeybrains.net" time="0.022">
  <properties/>
  <testcase name="testNumerologicalChartStratas" classname="com.coreman2200.ringstrings.TestSymbolStrata" time="0.011"/>
  <testcase name="testAllStrataForNumberSymbols" classname="com.coreman2200.ringstrings.TestSymbolStrata" time="0.01"/>
  <system-out><![CDATA[]]></system-out>
  <system-err><![CDATA[]]></system-err>
</testsuite>
