<?xml version="1.0" encoding="UTF-8"?>
<testsuite name="com.coreman2200.ringstrings.TestAstrologicalChartInputProcessorImpl" tests="4" skipped="0" failures="0" errors="0" timestamp="2015-08-21T20:33:35" hostname="199-241-201-12.PUBLIC.monkeybrains.net" time="6.813">
  <properties/>
  <testcase name="testProcessorProducesBirthChart" classname="com.coreman2200.ringstrings.TestAstrologicalChartInputProcessorImpl" time="6.074"/>
  <testcase name="testProcessorProducesCurrentChart" classname="com.coreman2200.ringstrings.TestAstrologicalChartInputProcessorImpl" time="0.247"/>
  <testcase name="testChartProducesCorrectSignForBodies" classname="com.coreman2200.ringstrings.TestAstrologicalChartInputProcessorImpl" time="0.204"/>
  <testcase name="testChartProducesCorrectHouseForBodies" classname="com.coreman2200.ringstrings.TestAstrologicalChartInputProcessorImpl" time="0.285"/>
  <system-out><![CDATA[SUN in HOUSEVI
SUN in CAPRICORN
MOON in HOUSEIII
MOON in VIRGO
MERCURY in HOUSEVI
MERCURY in SAGITTARIUS
VENUS in HOUSEV
VENUS in SCORPIO
MARS in HOUSEIX
MARS in PISCES
JUPITER in HOUSEIX
JUPITER in PISCES
SATURN in HOUSEVI
SATURN in SAGITTARIUS
URANUS in HOUSEVI
URANUS in SAGITTARIUS
NEPTUNE in HOUSEVI
NEPTUNE in CAPRICORN
PLUTO in HOUSEIV
PLUTO in SCORPIO
NORTHNODE in HOUSEX
NORTHNODE in ARIES
SOUTHNODE in HOUSEIV
SOUTHNODE in LIBRA
LILITH in HOUSEI
LILITH in CANCER
CHIRON in HOUSEXII
CHIRON in GEMINI
CERES in HOUSEV
CERES in SAGITTARIUS
PALLAS in HOUSEIV
PALLAS in SCORPIO
JUNO in HOUSEVI
JUNO in CAPRICORN
VESTA in HOUSEIX
VESTA in ARIES
ASCENDANT in HOUSEI
ASCENDANT in CANCER
MIDHEAVEN in HOUSEX
MIDHEAVEN in ARIES
SATURN in QUINCUNX
ASCENDANT in QUINCUNX
PALLAS in SEXTILE
JUNO in SEXTILE
MARS in QUINCUNX
SOUTHNODE in QUINCUNX
SUN in SEMISEXTILE
CERES in SEMISEXTILE
JUNO in SEXTILE
PLUTO in SEXTILE
VENUS in SEMISEXTILE
SOUTHNODE in SEMISEXTILE
NORTHNODE in OPPOSITION
SOUTHNODE in OPPOSITION
LILITH in QUINCUNX
MERCURY in QUINCUNX
JUPITER in QUINCUNX
SOUTHNODE in QUINCUNX
URANUS in SQUARE
MOON in SQUARE
CHIRON in TRINE
SOUTHNODE in TRINE
SUN in HOUSEVI
SUN in CAPRICORN
MOON in HOUSEIII
MOON in VIRGO
MERCURY in HOUSEVI
MERCURY in SAGITTARIUS
VENUS in HOUSEV
VENUS in SCORPIO
MARS in HOUSEIX
MARS in PISCES
JUPITER in HOUSEIX
JUPITER in PISCES
SATURN in HOUSEVI
SATURN in SAGITTARIUS
URANUS in HOUSEVI
URANUS in SAGITTARIUS
NEPTUNE in HOUSEVI
NEPTUNE in CAPRICORN
PLUTO in HOUSEIV
PLUTO in SCORPIO
NORTHNODE in HOUSEX
NORTHNODE in ARIES
SOUTHNODE in HOUSEIV
SOUTHNODE in LIBRA
LILITH in HOUSEI
LILITH in CANCER
CHIRON in HOUSEXII
CHIRON in GEMINI
CERES in HOUSEV
CERES in SAGITTARIUS
PALLAS in HOUSEIV
PALLAS in SCORPIO
JUNO in HOUSEVI
JUNO in CAPRICORN
VESTA in HOUSEIX
VESTA in ARIES
ASCENDANT in HOUSEI
ASCENDANT in CANCER
MIDHEAVEN in HOUSEX
MIDHEAVEN in ARIES
SATURN in QUINCUNX
ASCENDANT in QUINCUNX
PALLAS in SEXTILE
JUNO in SEXTILE
MARS in QUINCUNX
SOUTHNODE in QUINCUNX
SUN in SEMISEXTILE
CERES in SEMISEXTILE
JUNO in SEXTILE
PLUTO in SEXTILE
VENUS in SEMISEXTILE
SOUTHNODE in SEMISEXTILE
NORTHNODE in OPPOSITION
SOUTHNODE in OPPOSITION
LILITH in QUINCUNX
MERCURY in QUINCUNX
JUPITER in QUINCUNX
SOUTHNODE in QUINCUNX
URANUS in SQUARE
MOON in SQUARE
CHIRON in TRINE
SOUTHNODE in TRINE
SUN in HOUSEVI
SUN in CAPRICORN
MOON in HOUSEIII
MOON in VIRGO
MERCURY in HOUSEVI
MERCURY in SAGITTARIUS
VENUS in HOUSEV
VENUS in SCORPIO
MARS in HOUSEIX
MARS in PISCES
JUPITER in HOUSEIX
JUPITER in PISCES
SATURN in HOUSEVI
SATURN in SAGITTARIUS
URANUS in HOUSEVI
URANUS in SAGITTARIUS
NEPTUNE in HOUSEVI
NEPTUNE in CAPRICORN
PLUTO in HOUSEIV
PLUTO in SCORPIO
NORTHNODE in HOUSEX
NORTHNODE in ARIES
SOUTHNODE in HOUSEIV
SOUTHNODE in LIBRA
LILITH in HOUSEI
LILITH in CANCER
CHIRON in HOUSEXII
CHIRON in GEMINI
CERES in HOUSEV
CERES in SAGITTARIUS
PALLAS in HOUSEIV
PALLAS in SCORPIO
JUNO in HOUSEVI
JUNO in CAPRICORN
VESTA in HOUSEIX
VESTA in ARIES
ASCENDANT in HOUSEI
ASCENDANT in CANCER
MIDHEAVEN in HOUSEX
MIDHEAVEN in ARIES
SATURN in QUINCUNX
ASCENDANT in QUINCUNX
PALLAS in SEXTILE
JUNO in SEXTILE
MARS in QUINCUNX
SOUTHNODE in QUINCUNX
SUN in SEMISEXTILE
CERES in SEMISEXTILE
JUNO in SEXTILE
PLUTO in SEXTILE
VENUS in SEMISEXTILE
SOUTHNODE in SEMISEXTILE
NORTHNODE in OPPOSITION
SOUTHNODE in OPPOSITION
LILITH in QUINCUNX
MERCURY in QUINCUNX
JUPITER in QUINCUNX
SOUTHNODE in QUINCUNX
URANUS in SQUARE
MOON in SQUARE
CHIRON in TRINE
SOUTHNODE in TRINE
SUN in CAPRICORN
MOON in VIRGO
MERCURY in SAGITTARIUS
VENUS in SCORPIO
MARS in PISCES
JUPITER in PISCES
SATURN in SAGITTARIUS
URANUS in SAGITTARIUS
NEPTUNE in CAPRICORN
PLUTO in SCORPIO
NORTHNODE in ARIES
SOUTHNODE in LIBRA
LILITH in CANCER
CHIRON in GEMINI
CERES in SAGITTARIUS
PALLAS in SCORPIO
JUNO in CAPRICORN
VESTA in ARIES
ASCENDANT in CANCER
MIDHEAVEN in ARIES
SUN in HOUSEVI
SUN in CAPRICORN
MOON in HOUSEIII
MOON in VIRGO
MERCURY in HOUSEVI
MERCURY in SAGITTARIUS
VENUS in HOUSEV
VENUS in SCORPIO
MARS in HOUSEIX
MARS in PISCES
JUPITER in HOUSEIX
JUPITER in PISCES
SATURN in HOUSEVI
SATURN in SAGITTARIUS
URANUS in HOUSEVI
URANUS in SAGITTARIUS
NEPTUNE in HOUSEVI
NEPTUNE in CAPRICORN
PLUTO in HOUSEIV
PLUTO in SCORPIO
NORTHNODE in HOUSEX
NORTHNODE in ARIES
SOUTHNODE in HOUSEIV
SOUTHNODE in LIBRA
LILITH in HOUSEI
LILITH in CANCER
CHIRON in HOUSEXII
CHIRON in GEMINI
CERES in HOUSEV
CERES in SAGITTARIUS
PALLAS in HOUSEIV
PALLAS in SCORPIO
JUNO in HOUSEVI
JUNO in CAPRICORN
VESTA in HOUSEIX
VESTA in ARIES
ASCENDANT in HOUSEI
ASCENDANT in CANCER
MIDHEAVEN in HOUSEX
MIDHEAVEN in ARIES
SATURN in QUINCUNX
ASCENDANT in QUINCUNX
PALLAS in SEXTILE
JUNO in SEXTILE
MARS in QUINCUNX
SOUTHNODE in QUINCUNX
SUN in SEMISEXTILE
CERES in SEMISEXTILE
JUNO in SEXTILE
PLUTO in SEXTILE
VENUS in SEMISEXTILE
SOUTHNODE in SEMISEXTILE
NORTHNODE in OPPOSITION
SOUTHNODE in OPPOSITION
LILITH in QUINCUNX
MERCURY in QUINCUNX
JUPITER in QUINCUNX
SOUTHNODE in QUINCUNX
URANUS in SQUARE
MOON in SQUARE
CHIRON in TRINE
SOUTHNODE in TRINE
SUN in HOUSEVI
Symbols in HOUSEVI
SATURN degree: 254.4516553741827
NEPTUNE degree: 275.3807113883207
SUN degree: 271.59942110139446
URANUS degree: 263.11182919999254
MERCURY degree: 260.3924628736588
JUNO degree: 278.5068209012618
MOON in HOUSEIII
Symbols in HOUSEIII
MOON degree: 173.54108238891342
MERCURY in HOUSEVI
Symbols in HOUSEVI
SATURN degree: 254.4516553741827
NEPTUNE degree: 275.3807113883207
SUN degree: 271.59942110139446
URANUS degree: 263.11182919999254
MERCURY degree: 260.3924628736588
JUNO degree: 278.5068209012618
VENUS in HOUSEV
Symbols in HOUSEV
CERES degree: 241.73803225241895
VENUS degree: 227.203534593489
MARS in HOUSEIX
Symbols in HOUSEIX
VESTA degree: 6.8217297801499175
JUPITER degree: 346.2886178584036
MARS degree: 348.99367403636523
JUPITER in HOUSEIX
Symbols in HOUSEIX
VESTA degree: 6.8217297801499175
JUPITER degree: 346.2886178584036
MARS degree: 348.99367403636523
SATURN in HOUSEVI
Symbols in HOUSEVI
SATURN degree: 254.4516553741827
NEPTUNE degree: 275.3807113883207
SUN degree: 271.59942110139446
URANUS degree: 263.11182919999254
MERCURY degree: 260.3924628736588
JUNO degree: 278.5068209012618
URANUS in HOUSEVI
Symbols in HOUSEVI
SATURN degree: 254.4516553741827
NEPTUNE degree: 275.3807113883207
SUN degree: 271.59942110139446
URANUS degree: 263.11182919999254
MERCURY degree: 260.3924628736588
JUNO degree: 278.5068209012618
NEPTUNE in HOUSEVI
Symbols in HOUSEVI
SATURN degree: 254.4516553741827
NEPTUNE degree: 275.3807113883207
SUN degree: 271.59942110139446
URANUS degree: 263.11182919999254
MERCURY degree: 260.3924628736588
JUNO degree: 278.5068209012618
PLUTO in HOUSEIV
Symbols in HOUSEIV
SOUTHNODE degree: 197.56694011262192
PALLAS degree: 219.90949637433468
PLUTO degree: 219.2481430515801
NORTHNODE in HOUSEX
Symbols in HOUSEX
NORTHNODE degree: 17.566940112621907
MIDHEAVEN degree: 27.501629867206816
SOUTHNODE in HOUSEIV
Symbols in HOUSEIV
SOUTHNODE degree: 197.56694011262192
PALLAS degree: 219.90949637433468
PLUTO degree: 219.2481430515801
LILITH in HOUSEI
Symbols in HOUSEI
LILITH degree: 110.06857396315397
ASCENDANT degree: 103.75081493360341
CHIRON in HOUSEXII
Symbols in HOUSEXII
CHIRON degree: 77.84181036631732
CERES in HOUSEV
Symbols in HOUSEV
CERES degree: 241.73803225241895
VENUS degree: 227.203534593489
PALLAS in HOUSEIV
Symbols in HOUSEIV
SOUTHNODE degree: 197.56694011262192
PALLAS degree: 219.90949637433468
PLUTO degree: 219.2481430515801
JUNO in HOUSEVI
Symbols in HOUSEVI
SATURN degree: 254.4516553741827
NEPTUNE degree: 275.3807113883207
SUN degree: 271.59942110139446
URANUS degree: 263.11182919999254
MERCURY degree: 260.3924628736588
JUNO degree: 278.5068209012618
VESTA in HOUSEIX
Symbols in HOUSEIX
VESTA degree: 6.8217297801499175
JUPITER degree: 346.2886178584036
MARS degree: 348.99367403636523
ASCENDANT in HOUSEI
Symbols in HOUSEI
LILITH degree: 110.06857396315397
ASCENDANT degree: 103.75081493360341
MIDHEAVEN in HOUSEX
Symbols in HOUSEX
NORTHNODE degree: 17.566940112621907
MIDHEAVEN degree: 27.501629867206816
]]></system-out>
  <system-err><![CDATA[]]></system-err>
</testsuite>
