<?xml version="1.0" encoding="UTF-8"?>
<testsuite name="com.coreman2200.ringstrings.TestAstrologicalChartInputProcessorImpl" tests="4" skipped="0" failures="0" errors="0" timestamp="2015-08-24T21:45:51" hostname="199-241-201-12.PUBLIC.monkeybrains.net" time="6.518">
  <properties/>
  <testcase name="testProcessorProducesBirthChart" classname="com.coreman2200.ringstrings.TestAstrologicalChartInputProcessorImpl" time="5.906"/>
  <testcase name="testProcessorProducesCurrentChart" classname="com.coreman2200.ringstrings.TestAstrologicalChartInputProcessorImpl" time="0.253"/>
  <testcase name="testChartProducesCorrectSignForBodies" classname="com.coreman2200.ringstrings.TestAstrologicalChartInputProcessorImpl" time="0.184"/>
  <testcase name="testChartProducesCorrectHouseForBodies" classname="com.coreman2200.ringstrings.TestAstrologicalChartInputProcessorImpl" time="0.174"/>
  <system-out><![CDATA[]]></system-out>
  <system-err><![CDATA[]]></system-err>
</testsuite>
