<?xml version="1.0" encoding="UTF-8"?>
<testsuite name="com.coreman2200.ringstrings.TestSwissEphemerisManagerImpl" tests="2" skipped="0" failures="0" errors="0" timestamp="2015-08-21T20:33:42" hostname="199-241-201-12.PUBLIC.monkeybrains.net" time="0.381">
  <properties/>
  <testcase name="testSwissephManagerProducesAccurateNatalPlacementInHouses" classname="com.coreman2200.ringstrings.TestSwissEphemerisManagerImpl" time="0.204"/>
  <testcase name="testSwissephManagerProducesAccurateCurrentPlacementInHouses" classname="com.coreman2200.ringstrings.TestSwissEphemerisManagerImpl" time="0.176"/>
  <system-out><![CDATA[SUN in HOUSEVI
SUN in CAPRICORN
MOON in HOUSEIII
MOON in VIRGO
MERCURY in HOUSEVI
MERCURY in SAGITTARIUS
VENUS in HOUSEV
VENUS in SCORPIO
MARS in HOUSEIX
MARS in PISCES
JUPITER in HOUSEIX
JUPITER in PISCES
SATURN in HOUSEVI
SATURN in SAGITTARIUS
URANUS in HOUSEVI
URANUS in SAGITTARIUS
NEPTUNE in HOUSEVI
NEPTUNE in CAPRICORN
PLUTO in HOUSEIV
PLUTO in SCORPIO
NORTHNODE in HOUSEX
NORTHNODE in ARIES
SOUTHNODE in HOUSEIV
SOUTHNODE in LIBRA
LILITH in HOUSEI
LILITH in CANCER
CHIRON in HOUSEXII
CHIRON in GEMINI
CERES in HOUSEV
CERES in SAGITTARIUS
PALLAS in HOUSEIV
PALLAS in SCORPIO
JUNO in HOUSEVI
JUNO in CAPRICORN
VESTA in HOUSEIX
VESTA in ARIES
ASCENDANT in HOUSEI
ASCENDANT in CANCER
MIDHEAVEN in HOUSEX
MIDHEAVEN in ARIES
SUN in HOUSEX
SUN in LEO
MOON in HOUSEXII
MOON in SCORPIO
MERCURY in HOUSEX
MERCURY in VIRGO
VENUS in HOUSEIX
VENUS in LEO
MARS in HOUSEIX
MARS in LEO
JUPITER in HOUSEX
JUPITER in VIRGO
SATURN in HOUSEI
SATURN in SCORPIO
URANUS in HOUSEV
URANUS in ARIES
NEPTUNE in HOUSEIV
NEPTUNE in PISCES
PLUTO in HOUSEII
PLUTO in CAPRICORN
NORTHNODE in HOUSEXI
NORTHNODE in LIBRA
SOUTHNODE in HOUSEV
SOUTHNODE in ARIES
LILITH in HOUSEXI
LILITH in LIBRA
CHIRON in HOUSEIV
CHIRON in PISCES
CERES in HOUSEIII
CERES in CAPRICORN
PALLAS in HOUSEI
PALLAS in SAGITTARIUS
JUNO in HOUSEX
JUNO in VIRGO
VESTA in HOUSEV
VESTA in ARIES
ASCENDANT in HOUSEI
ASCENDANT in SCORPIO
MIDHEAVEN in HOUSEX
MIDHEAVEN in CAPRICORN
]]></system-out>
  <system-err><![CDATA[]]></system-err>
</testsuite>
