<?xml version="1.0" encoding="UTF-8"?>
<testsuite name="com.coreman2200.ringstrings.TestSwissephHandlerImpl" tests="2" skipped="0" failures="0" errors="0" timestamp="2015-08-21T20:33:43" hostname="199-241-201-12.PUBLIC.monkeybrains.net" time="0.392">
  <properties/>
  <testcase name="testInitializingSwisseph" classname="com.coreman2200.ringstrings.TestSwissephHandlerImpl" time="0.199"/>
  <testcase name="testShadowResourcesCanProduceCorrectResourceNames" classname="com.coreman2200.ringstrings.TestSwissephHandlerImpl" time="0.192"/>
  <system-out><![CDATA[]]></system-out>
  <system-err><![CDATA[]]></system-err>
</testsuite>
