<?xml version="1.0" encoding="UTF-8"?>
<testsuite name="com.coreman2200.ringstrings.TestProfileInputProcessor" tests="1" skipped="0" failures="0" errors="0" timestamp="2015-08-24T21:45:40" hostname="199-241-201-12.PUBLIC.monkeybrains.net" time="0.241">
  <properties/>
  <testcase name="testProfileInputProcessorProducesUserProfile" classname="com.coreman2200.ringstrings.TestProfileInputProcessor" time="0.241"/>
  <system-out><![CDATA[**** ASTRAL_CURRENT -strata: chart
* MERCURY -strata: symbol
**** NUMEROLOGICAL: CHART -strata: chart
*** PERIODS -strata: group
* CYCLE3: 2 -strata: symbol
* CYCLE2: 22 -strata: symbol
* CYCLE1: 7 -strata: symbol
*** PINNACLES -strata: group
** PINNACLE3: 8 -strata: related_symbols
* PINNACLE4: 9 -strata: symbol
** PINNACLE2: 6 -strata: related_symbols
** PINNACLE1: 11 -strata: related_symbols
*** PERSONAL -strata: group
* MONTH: 8 -strata: symbol
* DAY: 6 -strata: symbol
* YEAR: 4 -strata: symbol
*** QUALITIES -strata: group
** SOULURGE: 5 -strata: related_symbols
*** HIDDENPASSIONS: HIDDEN_PASSIONS -strata: group
* L0: 1 -strata: symbol
*** KARMICLESSONS: KARMIC_LESSONS -strata: group
* L0: 4 -strata: symbol
* L1: 6 -strata: symbol
* L2: 8 -strata: symbol
* LIFEPATH: 4 -strata: symbol
** BALANCE: 5 -strata: related_symbols
** RATIONALTHOUGHT: 9 -strata: related_symbols
** EXPRESSION: 11 -strata: related_symbols
** MATURITY: 6 -strata: related_symbols
* SUBCONSCIOUSSELF: 6 -strata: symbol
* PERSONALITY: 33 -strata: symbol
*** CHALLENGES -strata: group
* CHALLENGE3: 4 -strata: symbol
* CHALLENGE4: 5 -strata: symbol
** CHALLENGE1: 6 -strata: related_symbols
** CHALLENGE2: 2 -strata: related_symbols
**** ASTRAL_NATAL -strata: chart
* MERCURY -strata: symbol
]]></system-out>
  <system-err><![CDATA[]]></system-err>
</testsuite>
