<?xml version="1.0" encoding="UTF-8"?>
<testsuite name="com.coreman2200.ringstrings.NumberSystemTest" tests="2" skipped="0" failures="0" errors="0" timestamp="2015-07-25T01:27:55" hostname="news-MacBook-Pro.local" time="5.295">
  <properties/>
  <testcase name="testNumberSystemIsFilledForAllLetters" classname="com.coreman2200.ringstrings.NumberSystemTest" time="5.145"/>
  <testcase name="testNumberSystemIsOKWhenPresentedNonMembers" classname="com.coreman2200.ringstrings.NumberSystemTest" time="0.149"/>
  <system-out><![CDATA[]]></system-out>
  <system-err><![CDATA[]]></system-err>
</testsuite>
