<?xml version="1.0" encoding="UTF-8"?>
<testsuite name="com.coreman2200.ringstrings.TestSwissEphemerisManagerImpl" tests="2" skipped="0" failures="0" errors="0" timestamp="2015-08-24T21:45:41" hostname="199-241-201-12.PUBLIC.monkeybrains.net" time="0.38">
  <properties/>
  <testcase name="testSwissephManagerProducesAccurateNatalPlacementInHouses" classname="com.coreman2200.ringstrings.TestSwissEphemerisManagerImpl" time="0.197"/>
  <testcase name="testSwissephManagerProducesAccurateCurrentPlacementInHouses" classname="com.coreman2200.ringstrings.TestSwissEphemerisManagerImpl" time="0.182"/>
  <system-out><![CDATA[]]></system-out>
  <system-err><![CDATA[]]></system-err>
</testsuite>
