<?xml version="1.0" encoding="UTF-8"?>
<testsuite name="com.coreman2200.ringstrings.TestSwissEphemerisManagerImpl" tests="2" skipped="0" failures="0" errors="0" timestamp="2015-08-21T16:57:20" hostname="199-241-201-12.PUBLIC.monkeybrains.net" time="0.496">
  <properties/>
  <testcase name="testSwissephManagerProducesAccurateNatalPlacementInHouses" classname="com.coreman2200.ringstrings.TestSwissEphemerisManagerImpl" time="0.28"/>
  <testcase name="testSwissephManagerProducesAccurateCurrentPlacementInHouses" classname="com.coreman2200.ringstrings.TestSwissEphemerisManagerImpl" time="0.216"/>
  <system-out><![CDATA[Symbols in HOUSEI
Symbols in HOUSEII
Symbols in HOUSEIII
Symbols in HOUSEIV
Symbols in HOUSEV
Symbols in HOUSEVI
Symbols in HOUSEVII
Symbols in HOUSEVIII
Symbols in HOUSEIX
Symbols in HOUSEX
Symbols in HOUSEXI
Symbols in HOUSEXII
SUN in house: 9.41326829791069 - offset: 5.954907800123911
SUN in HOUSEVI
SUN in CAPRICORN
MOON in house: 6.40902379155159 - offset: 2.95066329376481
MOON in HOUSEIII
MOON in VIRGO
MERCURY in house: 8.869254797697067 - offset: 5.410894299910288
MERCURY in HOUSEVI
MERCURY in SAGITTARIUS
VENUS in house: 7.700911372900009 - offset: 4.2425508751132295
VENUS in HOUSEV
VENUS in SCORPIO
MARS in house: 12.288302570581436 - offset: 8.829942072794656
MARS in HOUSEIX
MARS in PISCES
JUPITER in house: 12.246600210666656 - offset: 8.788239712879877
JUPITER in HOUSEIX
JUPITER in PISCES
SATURN in house: 8.642856508493423 - offset: 5.184496010706644
SATURN in HOUSEVI
SATURN in SAGITTARIUS
URANUS in house: 9.00216057896614 - offset: 5.543800081179361
URANUS in HOUSEVI
URANUS in SAGITTARIUS
NEPTUNE in house: 9.601570099592209 - offset: 6.143209601805429
NEPTUNE in HOUSEVII
NEPTUNE in CAPRICORN
PLUTO in house: 7.913769960403442 - offset: 4.455409462616663
PLUTO in HOUSEV
PLUTO in SCORPIO
NORTHNODE in house: 12.84310507774353 - offset: 9.38474457995675
NORTHNODE in HOUSEX
NORTHNODE in ARIES
SOUTHNODE in HOUSEIV
SOUTHNODE in LIBRA
LILITH in house: 4.358978450298309 - offset: 0.9006179525115292
LILITH in HOUSEI
LILITH in CANCER
CHIRON in house: 2.878826528787613 - offset: -0.5795339689991672
CHIRON in HOUSEXII
CHIRON in GEMINI
CERES in house: 8.209057480096817 - offset: 4.750696982310037
CERES in HOUSEV
CERES in SAGITTARIUS
PALLAS in house: 7.906520038843155 - offset: 4.448159541056375
PALLAS in HOUSEV
PALLAS in SCORPIO
JUNO in house: 9.755551964044571 - offset: 6.297191466257791
JUNO in HOUSEVII
JUNO in CAPRICORN
VESTA in house: 12.944712430238724 - offset: 9.486351932451944
VESTA in HOUSEX
VESTA in ARIES
mCusp: 26.12056859196562 + offset: 129.87138352556903 wrapped: 129.87138352556906
ASCENDANT in HOUSEI
ASCENDANT in LEO
MIDHEAVEN in HOUSEX
MIDHEAVEN in ARIES
Symbols in HOUSEI
Symbols in HOUSEII
Symbols in HOUSEIII
Symbols in HOUSEIV
Symbols in HOUSEV
Symbols in HOUSEVI
Symbols in HOUSEVII
Symbols in HOUSEVIII
Symbols in HOUSEIX
Symbols in HOUSEX
Symbols in HOUSEXI
Symbols in HOUSEXII
SUN in house: 3.0297419130802155 - offset: -2.833677155934163
SUN in HOUSEX
SUN in LEO
MOON in house: 5.3238169103860855 - offset: -0.5396021586282931
MOON in HOUSEXII
MOON in SCORPIO
MERCURY in house: 3.8636641204357147 - offset: -1.9997549485786639
MERCURY in HOUSEXI
MERCURY in VIRGO
VENUS in house: 2.6801887452602386 - offset: -3.18323032375414
VENUS in HOUSEIX
VENUS in LEO
MARS in house: 2.164743721485138 - offset: -3.6986753475292407
MARS in HOUSEIX
MARS in LEO
JUPITER in house: 3.193092331290245 - offset: -2.6703267377241335
JUPITER in HOUSEX
JUPITER in VIRGO
SATURN in house: 5.738682985305786 - offset: -0.12473608370859246
SATURN in HOUSEXII
SATURN in SCORPIO
URANUS in house: 10.711634755134583 - offset: 4.848215686120204
URANUS in HOUSEV
URANUS in ARIES
NEPTUNE in house: 9.434830442070961 - offset: 3.5714113730565824
NEPTUNE in HOUSEIV
NEPTUNE in PISCES
PLUTO in house: 7.031496107578278 - offset: 1.168077038563899
PLUTO in HOUSEII
PLUTO in CAPRICORN
NORTHNODE in house: 4.167667880654335 - offset: -1.6957511883600436
NORTHNODE in HOUSEXI
NORTHNODE in LIBRA
SOUTHNODE in HOUSEV
SOUTHNODE in ARIES
LILITH in house: 4.308614030480385 - offset: -1.5548050385339938
LILITH in HOUSEXI
LILITH in LIBRA
CHIRON in house: 9.763556838035583 - offset: 3.900137769021205
CHIRON in HOUSEIV
CHIRON in PISCES
CERES in house: 7.331487685441971 - offset: 1.4680686164275922
CERES in HOUSEII
CERES in CAPRICORN
PALLAS in house: 7.093663364648819 - offset: 1.2302442956344404
PALLAS in HOUSEII
PALLAS in SAGITTARIUS
JUNO in house: 3.8132189214229584 - offset: -2.05020014759142
JUNO in HOUSEX
JUNO in VIRGO
VESTA in house: 10.68630263209343 - offset: 4.822883563079051
VESTA in HOUSEV
VESTA in ARIES
mCusp: 103.95922274819766 + offset: 279.861794818629 wrapped: 279.86179481862905
ASCENDANT in HOUSEI
ASCENDANT in CAPRICORN
MIDHEAVEN in HOUSEX
MIDHEAVEN in VIRGO
]]></system-out>
  <system-err><![CDATA[]]></system-err>
</testsuite>
