<?xml version="1.0" encoding="UTF-8"?>
<testsuite name="com.coreman2200.ringstrings.TestAstrologicalChartInputProcessorImpl" tests="4" skipped="0" failures="0" errors="0" timestamp="2015-08-24T21:45:33" hostname="199-241-201-12.PUBLIC.monkeybrains.net" time="6.972">
  <properties/>
  <testcase name="testProcessorProducesBirthChart" classname="com.coreman2200.ringstrings.TestAstrologicalChartInputProcessorImpl" time="6.351"/>
  <testcase name="testProcessorProducesCurrentChart" classname="com.coreman2200.ringstrings.TestAstrologicalChartInputProcessorImpl" time="0.242"/>
  <testcase name="testChartProducesCorrectSignForBodies" classname="com.coreman2200.ringstrings.TestAstrologicalChartInputProcessorImpl" time="0.183"/>
  <testcase name="testChartProducesCorrectHouseForBodies" classname="com.coreman2200.ringstrings.TestAstrologicalChartInputProcessorImpl" time="0.194"/>
  <system-out><![CDATA[]]></system-out>
  <system-err><![CDATA[]]></system-err>
</testsuite>
