<?xml version="1.0" encoding="UTF-8"?>
<testsuite name="com.coreman2200.ringstrings.TestSwissephHandlerImpl" tests="2" skipped="0" failures="0" errors="0" timestamp="2015-07-25T01:28:10" hostname="news-MacBook-Pro.local" time="0.409">
  <properties/>
  <testcase name="testInitializingSwisseph" classname="com.coreman2200.ringstrings.TestSwissephHandlerImpl" time="0.175"/>
  <testcase name="testShadowResourcesCanProduceCorrectResourceNames" classname="com.coreman2200.ringstrings.TestSwissephHandlerImpl" time="0.233"/>
  <system-out><![CDATA[]]></system-out>
  <system-err><![CDATA[]]></system-err>
</testsuite>
