<?xml version="1.0" encoding="UTF-8"?>
<testsuite name="com.coreman2200.ringstrings.TestSwissEphemerisManagerImpl" tests="2" skipped="0" failures="0" errors="0" timestamp="2015-07-25T01:28:10" hostname="news-MacBook-Pro.local" time="0.482">
  <properties/>
  <testcase name="testSwissephManagerProducesAccurateNatalPlacementInHouses" classname="com.coreman2200.ringstrings.TestSwissEphemerisManagerImpl" time="0.235"/>
  <testcase name="testSwissephManagerProducesAccurateCurrentPlacementInHouses" classname="com.coreman2200.ringstrings.TestSwissEphemerisManagerImpl" time="0.246"/>
  <system-out><![CDATA[SUN in house: 9.41326829791069 - offset: 5.954907800123911
SUN in HOUSEVI
SUN in CAPRICORN
MOON in house: 6.40902379155159 - offset: 2.95066329376481
MOON in HOUSEIII
MOON in VIRGO
MERCURY in house: 8.869254797697067 - offset: 5.410894299910288
MERCURY in HOUSEVI
MERCURY in SAGITTARIUS
VENUS in house: 7.700911372900009 - offset: 4.2425508751132295
VENUS in HOUSEV
VENUS in SCORPIO
MARS in house: 12.288302570581436 - offset: 8.829942072794656
MARS in HOUSEIX
MARS in PISCES
JUPITER in house: 12.246600210666656 - offset: 8.788239712879877
JUPITER in HOUSEIX
JUPITER in PISCES
SATURN in house: 8.642856508493423 - offset: 5.184496010706644
SATURN in HOUSEVI
SATURN in SAGITTARIUS
URANUS in house: 9.00216057896614 - offset: 5.543800081179361
URANUS in HOUSEVI
URANUS in SAGITTARIUS
NEPTUNE in house: 9.601570099592209 - offset: 6.143209601805429
NEPTUNE in HOUSEVII
NEPTUNE in CAPRICORN
PLUTO in house: 7.913769960403442 - offset: 4.455409462616663
PLUTO in HOUSEV
PLUTO in SCORPIO
NORTHNODE in house: 12.84310507774353 - offset: 9.38474457995675
NORTHNODE in HOUSEX
NORTHNODE in ARIES
SOUTHNODE in HOUSEIV
SOUTHNODE in LIBRA
LILITH in house: 4.358978450298309 - offset: 0.9006179525115292
LILITH in HOUSEI
LILITH in CANCER
CHIRON in house: 2.878826528787613 - offset: -0.5795339689991672
CHIRON in HOUSEXII
CHIRON in GEMINI
CERES in house: 8.209057480096817 - offset: 4.750696982310037
CERES in HOUSEV
CERES in SAGITTARIUS
PALLAS in house: 7.906520038843155 - offset: 4.448159541056375
PALLAS in HOUSEV
PALLAS in SCORPIO
JUNO in house: 9.755551964044571 - offset: 6.297191466257791
JUNO in HOUSEVII
JUNO in CAPRICORN
VESTA in house: 12.944712430238724 - offset: 9.486351932451944
VESTA in HOUSEX
VESTA in ARIES
mCusp: 26.12056859196562 + offset: 129.87138352556903 wrapped: 129.87138352556906
ASCENDANT in HOUSEI
ASCENDANT in LEO
MIDHEAVEN in HOUSEX
MIDHEAVEN in ARIES
SUN in house: 10.76568327844143 - offset: 1.559357990361665
SUN in HOUSEII
SUN in LEO
MOON in house: 2.2111936807632446 - offset: -6.9951316073165195
MOON in HOUSEVI
MOON in SCORPIO
MERCURY in house: 10.800930589437485 - offset: 1.5946053013577206
MERCURY in HOUSEII
MERCURY in LEO
VENUS in house: 11.710492253303528 - offset: 2.5041669652237637
VENUS in HOUSEIII
VENUS in VIRGO
MARS in house: 10.417967557907104 - offset: 1.2116422698273404
MARS in HOUSEII
MARS in CANCER
JUPITER in house: 11.550420254468918 - offset: 2.3440949663891537
JUPITER in HOUSEIII
JUPITER in LEO
SATURN in house: 2.84434574842453 - offset: -6.361979539655234
SATURN in HOUSEVI
SATURN in SCORPIO
URANUS in house: 7.5706309378147125 - offset: -1.6356943502650516
URANUS in HOUSEXI
URANUS in ARIES
NEPTUNE in house: 5.997209042310715 - offset: -3.2091162457690494
NEPTUNE in HOUSEIX
NEPTUNE in PISCES
PLUTO in house: 4.225964441895485 - offset: -4.980360846184279
PLUTO in HOUSEVIII
PLUTO in CAPRICORN
NORTHNODE in house: 12.898142486810684 - offset: 3.69181719873092
NORTHNODE in HOUSEIV
NORTHNODE in LIBRA
SOUTHNODE in HOUSEX
SOUTHNODE in ARIES
LILITH in house: 12.657802164554596 - offset: 3.451476876474832
LILITH in HOUSEIV
LILITH in VIRGO
CHIRON in house: 6.460121840238571 - offset: -2.746203447841193
CHIRON in HOUSEX
CHIRON in PISCES
CERES in house: 4.7902719378471375 - offset: -4.416053350232627
CERES in HOUSEVIII
CERES in AQUARIUS
PALLAS in house: 3.1477623283863068 - offset: -6.058562959693457
PALLAS in HOUSEVI
PALLAS in SAGITTARIUS
JUNO in house: 11.983680605888367 - offset: 2.7773553178086026
JUNO in HOUSEIII
JUNO in VIRGO
VESTA in house: 7.186699450016022 - offset: -2.0196258380637424
VESTA in HOUSEX
VESTA in ARIES
mCusp: 185.49877415490135 + offset: 461.6885327972943 wrapped: 101.68853279729433
ASCENDANT in HOUSEI
ASCENDANT in CANCER
MIDHEAVEN in HOUSEX
MIDHEAVEN in ARIES
]]></system-out>
  <system-err><![CDATA[]]></system-err>
</testsuite>
